<?xml version="1.0" encoding="UTF-8"?>
<!-- Generated by org.testng.reporters.JUnitReportReporter -->
<testsuite hostname="LAPTOP-M7JGN4KE" failures="0" tests="1" name="rahulshettyacademy.ExtentReports.ExtentReportDemo" time="4.743" errors="0" timestamp="2024-07-12T16:02:54 IST" skipped="0">
  <testcase classname="rahulshettyacademy.ExtentReports.ExtentReportDemo" name="initialDemo" time="4.743"/>
</testsuite> <!-- rahulshettyacademy.ExtentReports.ExtentReportDemo -->
